<?xml version="1.0" encoding="UTF-8"?>
<!-- Generated by org.testng.reporters.JUnitXMLReporter -->
<testsuite ignored="0" hostname="DESKTOP-CV98FLB" failures="0" tests="8" name="Test" time="0.374" errors="0" timestamp="2023-12-21T20:53:49 IST">
  <testcase classname="patternPackage.LTriangle" name="LTriangleMethod" time="0.019"/>
  <testcase classname="patternPackage.RTriangle" name="RTriangleMethod" time="0.013"/>
  <testcase classname="patternPackage.Rhombus" name="RhombusMethod" time="0.014"/>
  <testcase classname="patternPackage.ReverseRTriangle" name="ReverseRTriangleMethod" time="0.007"/>
  <testcase classname="patternPackage.ReverseLTriangle" name="ReverseLTriangleMethod" time="0.01"/>
  <testcase classname="patternPackage.ReverseETriangle" name="ReverseETriangleMethod" time="0.012"/>
  <testcase classname="patternPackage.ETriangle" name="ETriangleMethod" time="0.018"/>
  <testcase classname="patternPackage.FinalOne" name="finalMethod" time="0.102"/>
</testsuite> <!-- Test -->
