<?xml version="1.0" encoding="UTF-8"?>
<!-- Generated by org.testng.reporters.JUnitXMLReporter -->
<testsuite ignored="0" hostname="DESKTOP-CV98FLB" failures="0" tests="8" name="Test" time="0.322" errors="0" timestamp="2023-12-22T12:33:49 IST">
  <testcase classname="patternPackage.LTriangle" name="LTriangleMethod" time="0.025"/>
  <testcase classname="patternPackage.RTriangle" name="RTriangleMethod" time="0.018"/>
  <testcase classname="patternPackage.Rhombus" name="RhombusMethod" time="0.029"/>
  <testcase classname="patternPackage.ReverseRTriangle" name="ReverseRTriangleMethod" time="0.019"/>
  <testcase classname="patternPackage.ReverseLTriangle" name="ReverseLTriangleMethod" time="0.004"/>
  <testcase classname="patternPackage.ReverseETriangle" name="ReverseETriangleMethod" time="0.004"/>
  <testcase classname="patternPackage.ETriangle" name="ETriangleMethod" time="0.007"/>
  <testcase classname="patternPackage.FinalOne" name="finalMethod" time="0.066"/>
</testsuite> <!-- Test -->
