<?xml version="1.0" encoding="UTF-8"?>
<testsuite xmlns:xsi="http://www.w3.org/2001/XMLSchema-instance" xsi:noNamespaceSchemaLocation="https://maven.apache.org/surefire/maven-surefire-plugin/xsd/surefire-test-report-3.0.xsd" version="3.0" name="TestSuite" time="2.308" tests="8" errors="0" skipped="0" failures="0">
  <properties>
[...]
</properties>
  <testcase name="LTriangleMethod" classname="patternPackage.LTriangle" time="0.048">
    <system-out><![CDATA[1 
1 2 
1 2 3 
1 2 3 4 
1 2 3 4 5 
1 2 3 4 5 6 
1 2 3 4 5 6 7 
1 2 3 4 5 6 7 8 
1 2 3 4 5 6 7 8 9 
]]></system-out>
    <system-err><![CDATA[SLF4J: Failed to load class "org.slf4j.impl.StaticLoggerBinder".
SLF4J: Defaulting to no-operation (NOP) logger implementation
SLF4J: See http://www.slf4j.org/codes.html#StaticLoggerBinder for further details.
]]></system-err>
  </testcase>
  <testcase name="RTriangleMethod" classname="patternPackage.RTriangle" time="0.032">
    <system-out><![CDATA[                1 
              1 2 
            1 2 3 
          1 2 3 4 
        1 2 3 4 5 
      1 2 3 4 5 6 
    1 2 3 4 5 6 7 
  1 2 3 4 5 6 7 8 
1 2 3 4 5 6 7 8 9 
]]></system-out>
  </testcase>
  <testcase name="RhombusMethod" classname="patternPackage.Rhombus" time="0.126">
    <system-out><![CDATA[    1 
   1 2 
  1 2 3 
 1 2 3 4 
1 2 3 4 5 
1 2 3 4 5 
 1 2 3 4 
  1 2 3 
   1 2 
    1 
]]></system-out>
  </testcase>
  <testcase name="ReverseRTriangleMethod" classname="patternPackage.ReverseRTriangle" time="0.013">
    <system-out><![CDATA[1 2 3 4 5 6 7 8 9 
1 2 3 4 5 6 7 8 
1 2 3 4 5 6 7 
1 2 3 4 5 6 
1 2 3 4 5 
1 2 3 4 
1 2 3 
1 2 
1 
]]></system-out>
  </testcase>
  <testcase name="ReverseLTriangleMethod" classname="patternPackage.ReverseLTriangle" time="0.02">
    <system-out><![CDATA[1 2 3 4 5 6 7 8 9 
  1 2 3 4 5 6 7 8 
    1 2 3 4 5 6 7 
      1 2 3 4 5 6 
        1 2 3 4 5 
          1 2 3 4 
            1 2 3 
              1 2 
                1 
]]></system-out>
  </testcase>
  <testcase name="ReverseETriangleMethod" classname="patternPackage.ReverseETriangle" time="0.008">
    <system-out><![CDATA[1 2 3 4 5 
 1 2 3 4 
  1 2 3 
   1 2 
    1 
]]></system-out>
  </testcase>
  <testcase name="ETriangleMethod" classname="patternPackage.ETriangle" time="0.003">
    <system-out><![CDATA[    1 
   1 2 
  1 2 3 
 1 2 3 4 
1 2 3 4 5 
]]></system-out>
  </testcase>
  <testcase name="finalMethod" classname="patternPackage.FinalOne" time="0.033">
    <system-out><![CDATA[1 
1 2 
1 2 3 
1 2 3 4 
1 2 3 4 5 
1 2 3 4 5 6 
1 2 3 4 5 6 7 
1 2 3 4 5 6 7 8 
1 2 3 4 5 6 7 8 9 
========================
    1 
   1 2 
  1 2 3 
 1 2 3 4 
1 2 3 4 5 
========================
                1 
              1 2 
            1 2 3 
          1 2 3 4 
        1 2 3 4 5 
      1 2 3 4 5 6 
    1 2 3 4 5 6 7 
  1 2 3 4 5 6 7 8 
1 2 3 4 5 6 7 8 9 
========================
1 2 3 4 5 6 7 8 9 
  1 2 3 4 5 6 7 8 
    1 2 3 4 5 6 7 
      1 2 3 4 5 6 
        1 2 3 4 5 
          1 2 3 4 
            1 2 3 
              1 2 
                1 
========================
1 2 3 4 5 
 1 2 3 4 
  1 2 3 
   1 2 
    1 
========================
1 2 3 4 5 6 7 8 9 
1 2 3 4 5 6 7 8 
1 2 3 4 5 6 7 
1 2 3 4 5 6 
1 2 3 4 5 
1 2 3 4 
1 2 3 
1 2 
1 
========================
    1 
   1 2 
  1 2 3 
 1 2 3 4 
1 2 3 4 5 
1 2 3 4 5 
 1 2 3 4 
  1 2 3 
   1 2 
    1 
]]></system-out>
  </testcase>
</testsuite>