<?xml version="1.0" encoding="UTF-8"?>
<testng-results ignored="0" total="8" passed="8" failed="0" skipped="0">
  <reporter-output>
  </reporter-output>
  <suite started-at="2023-12-21T20:53:49 IST" name="Suite" finished-at="2023-12-21T20:53:49 IST" duration-ms="374">
    <groups>
    </groups>
    <test started-at="2023-12-21T20:53:49 IST" name="Test" finished-at="2023-12-21T20:53:49 IST" duration-ms="374">
      <class name="patternPackage.FinalOne">
        <test-method signature="finalMethod()[pri:0, instance:patternPackage.FinalOne@73e9cf30]" started-at="2023-12-21T20:53:49 IST" name="finalMethod" finished-at="2023-12-21T20:53:49 IST" duration-ms="102" status="PASS">
          <reporter-output>
          </reporter-output>
        </test-method> <!-- finalMethod -->
      </class> <!-- patternPackage.FinalOne -->
      <class name="patternPackage.LTriangle">
        <test-method signature="LTriangleMethod()[pri:0, instance:patternPackage.LTriangle@47d9a273]" started-at="2023-12-21T20:53:49 IST" name="LTriangleMethod" finished-at="2023-12-21T20:53:49 IST" duration-ms="19" status="PASS">
          <reporter-output>
          </reporter-output>
        </test-method> <!-- LTriangleMethod -->
      </class> <!-- patternPackage.LTriangle -->
      <class name="patternPackage.Rhombus">
        <test-method signature="RhombusMethod()[pri:0, instance:patternPackage.Rhombus@52b1beb6]" started-at="2023-12-21T20:53:49 IST" name="RhombusMethod" finished-at="2023-12-21T20:53:49 IST" duration-ms="14" status="PASS">
          <reporter-output>
          </reporter-output>
        </test-method> <!-- RhombusMethod -->
      </class> <!-- patternPackage.Rhombus -->
      <class name="patternPackage.ReverseLTriangle">
        <test-method signature="ReverseLTriangleMethod()[pri:0, instance:patternPackage.ReverseLTriangle@7db12bb6]" started-at="2023-12-21T20:53:49 IST" name="ReverseLTriangleMethod" finished-at="2023-12-21T20:53:49 IST" duration-ms="10" status="PASS">
          <reporter-output>
          </reporter-output>
        </test-method> <!-- ReverseLTriangleMethod -->
      </class> <!-- patternPackage.ReverseLTriangle -->
      <class name="patternPackage.ReverseRTriangle">
        <test-method signature="ReverseRTriangleMethod()[pri:0, instance:patternPackage.ReverseRTriangle@273e7444]" started-at="2023-12-21T20:53:49 IST" name="ReverseRTriangleMethod" finished-at="2023-12-21T20:53:49 IST" duration-ms="7" status="PASS">
          <reporter-output>
          </reporter-output>
        </test-method> <!-- ReverseRTriangleMethod -->
      </class> <!-- patternPackage.ReverseRTriangle -->
      <class name="patternPackage.ETriangle">
        <test-method signature="ETriangleMethod()[pri:0, instance:patternPackage.ETriangle@272113c4]" started-at="2023-12-21T20:53:49 IST" name="ETriangleMethod" finished-at="2023-12-21T20:53:49 IST" duration-ms="18" status="PASS">
          <reporter-output>
          </reporter-output>
        </test-method> <!-- ETriangleMethod -->
      </class> <!-- patternPackage.ETriangle -->
      <class name="patternPackage.RTriangle">
        <test-method signature="RTriangleMethod()[pri:0, instance:patternPackage.RTriangle@53aac487]" started-at="2023-12-21T20:53:49 IST" name="RTriangleMethod" finished-at="2023-12-21T20:53:49 IST" duration-ms="13" status="PASS">
          <reporter-output>
          </reporter-output>
        </test-method> <!-- RTriangleMethod -->
      </class> <!-- patternPackage.RTriangle -->
      <class name="patternPackage.ReverseETriangle">
        <test-method signature="ReverseETriangleMethod()[pri:0, instance:patternPackage.ReverseETriangle@783a467b]" started-at="2023-12-21T20:53:49 IST" name="ReverseETriangleMethod" finished-at="2023-12-21T20:53:49 IST" duration-ms="12" status="PASS">
          <reporter-output>
          </reporter-output>
        </test-method> <!-- ReverseETriangleMethod -->
      </class> <!-- patternPackage.ReverseETriangle -->
    </test> <!-- Test -->
  </suite> <!-- Suite -->
</testng-results>
